<?xml version="1.0" encoding="UTF-8"?>
<testng-results skipped="0" failed="0" total="1" passed="1">
  <reporter-output>
  </reporter-output>
  <suite name="Sanity" duration-ms="10568" started-at="2016-08-02T17:44:18Z" finished-at="2016-08-02T17:44:29Z">
    <groups>
    </groups>
    <test name="Test" duration-ms="10568" started-at="2016-08-02T17:44:18Z" finished-at="2016-08-02T17:44:29Z">
      <class name="sanity.GoogleClass">
        <test-method status="PASS" signature="launchGoogle()[pri:0, instance:sanity.GoogleClass@19b4d0f]" name="launchGoogle" duration-ms="10535" started-at="2016-08-02T23:14:18Z" finished-at="2016-08-02T23:14:29Z">
          <reporter-output>
          </reporter-output>
        </test-method> <!-- launchGoogle -->
      </class> <!-- sanity.GoogleClass -->
    </test> <!-- Test -->
  </suite> <!-- Sanity -->
</testng-results>
