<?xml version="1.0" encoding="UTF-8"?>
<testng-results skipped="0" failed="0" total="1" passed="1">
  <reporter-output>
  </reporter-output>
  <suite name="Sanity" duration-ms="9413" started-at="2016-08-02T17:38:25Z" finished-at="2016-08-02T17:38:34Z">
    <groups>
    </groups>
    <test name="Test" duration-ms="9413" started-at="2016-08-02T17:38:25Z" finished-at="2016-08-02T17:38:34Z">
      <class name="sanity.GoogleClass">
        <test-method status="PASS" signature="launchGoogle()[pri:0, instance:sanity.GoogleClass@dbe50f]" name="launchGoogle" duration-ms="9373" started-at="2016-08-02T23:08:25Z" finished-at="2016-08-02T23:08:34Z">
          <reporter-output>
          </reporter-output>
        </test-method> <!-- launchGoogle -->
      </class> <!-- sanity.GoogleClass -->
    </test> <!-- Test -->
  </suite> <!-- Sanity -->
</testng-results>
